<?xml version="1.0" encoding="UTF-8"?>
<testsuite xmlns:xsi="http://www.w3.org/2001/XMLSchema-instance" xsi:noNamespaceSchemaLocation="https://maven.apache.org/surefire/maven-surefire-plugin/xsd/surefire-test-report-3.0.xsd" version="3.0" name="TestSuite" time="2.902" tests="1" errors="0" skipped="0" failures="1">
  <properties>
[...]
</properties>
  <testcase name="runScenario[&quot;Ürünün seçilmesi ve sepete eklenmesi&quot;, &quot;Ebebek testi&quot;](1)" classname="Runners.TestRunner" time="1.555">
    <failure message="Connection refused: no further information&#10;Build info: version: &apos;3.141.59&apos;, revision: &apos;e82be7d358&apos;, time: &apos;2018-11-14T08:17:03&apos;&#10;System info: host: &apos;DESKTOP-1GIUHO6&apos;, ip: &apos;192.168.56.1&apos;, os.name: &apos;Windows 11&apos;, os.arch: &apos;amd64&apos;, os.version: &apos;10.0&apos;, java.version: &apos;17.0.5&apos;&#10;Driver info: driver.version: AndroidDriver" type="org.openqa.selenium.WebDriverException"><![CDATA[org.openqa.selenium.WebDriverException: 
Connection refused: no further information
Build info: version: '3.141.59', revision: 'e82be7d358', time: '2018-11-14T08:17:03'
System info: host: 'DESKTOP-1GIUHO6', ip: '192.168.56.1', os.name: 'Windows 11', os.arch: 'amd64', os.version: '10.0', java.version: '17.0.5'
Driver info: driver.version: AndroidDriver
Caused by: java.net.ConnectException: Connection refused: no further information
]]></failure>
    <system-out><![CDATA[
Scenario: ÃœrÃ¼nÃ¼n seÃ§ilmesi ve sepete eklenmesi                                                                                     # src/test/resources/features/ebebek.feature:3
      org.openqa.selenium.WebDriverException: Connection refused: no further information
Build info: version: '3.141.59', revision: 'e82be7d358', time: '2018-11-14T08:17:03'
System info: host: 'DESKTOP-1GIUHO6', ip: '192.168.56.1', os.name: 'Windows 11', os.arch: 'amd64', os.version: '10.0', java.version: '17.0.5'
Driver info: driver.version: AndroidDriver
	at io.appium.java_client.remote.AppiumCommandExecutor.lambda$6(AppiumCommandExecutor.java:262)
	at java.base/java.util.Optional.orElseGet(Optional.java:364)
	at io.appium.java_client.remote.AppiumCommandExecutor.execute(AppiumCommandExecutor.java:261)
	at org.openqa.selenium.remote.RemoteWebDriver.execute(RemoteWebDriver.java:552)
	at io.appium.java_client.DefaultGenericMobileDriver.execute(DefaultGenericMobileDriver.java:41)
	at io.appium.java_client.AppiumDriver.execute(AppiumDriver.java:1)
	at io.appium.java_client.android.AndroidDriver.execute(AndroidDriver.java:1)
	at org.openqa.selenium.remote.RemoteWebDriver.startSession(RemoteWebDriver.java:213)
	at io.appium.java_client.AppiumDriver.startSession(AppiumDriver.java:363)
	at org.openqa.selenium.remote.RemoteWebDriver.<init>(RemoteWebDriver.java:131)
	at io.appium.java_client.DefaultGenericMobileDriver.<init>(DefaultGenericMobileDriver.java:37)
	at io.appium.java_client.AppiumDriver.<init>(AppiumDriver.java:89)
	at io.appium.java_client.AppiumDriver.<init>(AppiumDriver.java:99)
	at io.appium.java_client.android.AndroidDriver.<init>(AndroidDriver.java:97)
	at org.example.App.setUp(App.java:26)
	at Steps.JiraSteps.open(JiraSteps.java:38)
Caused by: java.net.ConnectException: Connection refused: no further information
	at java.base/sun.nio.ch.Net.pollConnect(Native Method)
	at java.base/sun.nio.ch.Net.pollConnectNow(Net.java:672)
	at java.base/sun.nio.ch.NioSocketImpl.timedFinishConnect(NioSocketImpl.java:542)
	at java.base/sun.nio.ch.NioSocketImpl.connect(NioSocketImpl.java:597)
	at java.base/java.net.SocksSocketImpl.connect(SocksSocketImpl.java:327)
	at java.base/java.net.Socket.connect(Socket.java:633)
	at okhttp3.internal.platform.Platform.connectSocket(Platform.java:129)
	at okhttp3.internal.connection.RealConnection.connectSocket(RealConnection.java:245)
	at okhttp3.internal.connection.RealConnection.connect(RealConnection.java:165)
	at okhttp3.internal.connection.StreamAllocation.findConnection(StreamAllocation.java:257)
	at okhttp3.internal.connection.StreamAllocation.findHealthyConnection(StreamAllocation.java:135)
	at okhttp3.internal.connection.StreamAllocation.newStream(StreamAllocation.java:114)
	at okhttp3.internal.connection.ConnectInterceptor.intercept(ConnectInterceptor.java:42)
	at okhttp3.internal.http.RealInterceptorChain.proceed(RealInterceptorChain.java:147)
	at okhttp3.internal.http.RealInterceptorChain.proceed(RealInterceptorChain.java:121)
	at okhttp3.internal.cache.CacheInterceptor.intercept(CacheInterceptor.java:93)
	at okhttp3.internal.http.RealInterceptorChain.proceed(RealInterceptorChain.java:147)
	at okhttp3.internal.http.RealInterceptorChain.proceed(RealInterceptorChain.java:121)
	at okhttp3.internal.http.BridgeInterceptor.intercept(BridgeInterceptor.java:93)
	at okhttp3.internal.http.RealInterceptorChain.proceed(RealInterceptorChain.java:147)
	at okhttp3.internal.http.RetryAndFollowUpInterceptor.intercept(RetryAndFollowUpInterceptor.java:126)
	at okhttp3.internal.http.RealInterceptorChain.proceed(RealInterceptorChain.java:147)
	at okhttp3.internal.http.RealInterceptorChain.proceed(RealInterceptorChain.java:121)
	at okhttp3.RealCall.getResponseWithInterceptorChain(RealCall.java:200)
	at okhttp3.RealCall.execute(RealCall.java:77)
	at org.openqa.selenium.remote.internal.OkHttpClient.execute(OkHttpClient.java:103)
	at io.appium.java_client.remote.AppiumCommandExecutor.lambda$1(AppiumCommandExecutor.java:162)
	at org.openqa.selenium.remote.ProtocolHandshake.createSession(ProtocolHandshake.java:105)
	at java.base/jdk.internal.reflect.NativeMethodAccessorImpl.invoke0(Native Method)
	at java.base/jdk.internal.reflect.NativeMethodAccessorImpl.invoke(NativeMethodAccessorImpl.java:77)
	at java.base/jdk.internal.reflect.DelegatingMethodAccessorImpl.invoke(DelegatingMethodAccessorImpl.java:43)
	at java.base/java.lang.reflect.Method.invoke(Method.java:568)
	at io.appium.java_client.remote.AppiumCommandExecutor$1.createSession(AppiumCommandExecutor.java:193)
	at io.appium.java_client.remote.AppiumCommandExecutor.createSession(AppiumCommandExecutor.java:225)
	at io.appium.java_client.remote.AppiumCommandExecutor.execute(AppiumCommandExecutor.java:250)
	at org.openqa.selenium.remote.RemoteWebDriver.execute(RemoteWebDriver.java:552)
	at io.appium.java_client.DefaultGenericMobileDriver.execute(DefaultGenericMobileDriver.java:41)
	at io.appium.java_client.AppiumDriver.execute(AppiumDriver.java:1)
	at io.appium.java_client.android.AndroidDriver.execute(AndroidDriver.java:1)
	at org.openqa.selenium.remote.RemoteWebDriver.startSession(RemoteWebDriver.java:213)
	at io.appium.java_client.AppiumDriver.startSession(AppiumDriver.java:363)
	at org.openqa.selenium.remote.RemoteWebDriver.<init>(RemoteWebDriver.java:131)
	at io.appium.java_client.DefaultGenericMobileDriver.<init>(DefaultGenericMobileDriver.java:37)
	at io.appium.java_client.AppiumDriver.<init>(AppiumDriver.java:89)
	at io.appium.java_client.AppiumDriver.<init>(AppiumDriver.java:99)
	at io.appium.java_client.android.AndroidDriver.<init>(AndroidDriver.java:97)
	at org.example.App.setUp(App.java:26)
	at Steps.JiraSteps.open(JiraSteps.java:38)
	at java.base/jdk.internal.reflect.NativeMethodAccessorImpl.invoke0(Native Method)
	at java.base/jdk.internal.reflect.NativeMethodAccessorImpl.invoke(NativeMethodAccessorImpl.java:77)
	at java.base/jdk.internal.reflect.DelegatingMethodAccessorImpl.invoke(DelegatingMethodAccessorImpl.java:43)
	at java.base/java.lang.reflect.Method.invoke(Method.java:568)
	at io.cucumber.java.Invoker.doInvoke(Invoker.java:66)
	at io.cucumber.java.Invoker.invoke(Invoker.java:24)
	at io.cucumber.java.AbstractGlueDefinition.invokeMethod(AbstractGlueDefinition.java:47)
	at io.cucumber.java.JavaHookDefinition.execute(JavaHookDefinition.java:64)
	at io.cucumber.core.runner.CoreHookDefinition.execute(CoreHookDefinition.java:46)
	at io.cucumber.core.runner.HookDefinitionMatch.runStep(HookDefinitionMatch.java:21)
	at io.cucumber.core.runner.ExecutionMode$1.execute(ExecutionMode.java:10)
	at io.cucumber.core.runner.TestStep.executeStep(TestStep.java:85)
	at io.cucumber.core.runner.TestStep.run(TestStep.java:57)
	at io.cucumber.core.runner.TestCase.run(TestCase.java:78)
	at io.cucumber.core.runner.Runner.runPickle(Runner.java:75)
	at io.cucumber.testng.TestNGCucumberRunner.lambda$runScenario$1(TestNGCucumberRunner.java:132)
	at io.cucumber.core.runtime.CucumberExecutionContext.lambda$runTestCase$5(CucumberExecutionContext.java:129)
	at io.cucumber.core.runtime.RethrowingThrowableCollector.executeAndThrow(RethrowingThrowableCollector.java:23)
	at io.cucumber.core.runtime.CucumberExecutionContext.runTestCase(CucumberExecutionContext.java:129)
	at io.cucumber.testng.TestNGCucumberRunner.runScenario(TestNGCucumberRunner.java:129)
	at io.cucumber.testng.AbstractTestNGCucumberTests.runScenario(AbstractTestNGCucumberTests.java:35)
	at java.base/jdk.internal.reflect.NativeMethodAccessorImpl.invoke0(Native Method)
	at java.base/jdk.internal.reflect.NativeMethodAccessorImpl.invoke(NativeMethodAccessorImpl.java:77)
	at java.base/jdk.internal.reflect.DelegatingMethodAccessorImpl.invoke(DelegatingMethodAccessorImpl.java:43)
	at java.base/java.lang.reflect.Method.invoke(Method.java:568)
	at org.testng.internal.invokers.MethodInvocationHelper.invokeMethod(MethodInvocationHelper.java:139)
	at org.testng.internal.invokers.TestInvoker.invokeMethod(TestInvoker.java:677)
	at org.testng.internal.invokers.TestInvoker.invokeTestMethod(TestInvoker.java:221)
	at org.testng.internal.invokers.MethodRunner.runInSequence(MethodRunner.java:50)
	at org.testng.internal.invokers.TestInvoker$MethodInvocationAgent.invoke(TestInvoker.java:969)
	at org.testng.internal.invokers.TestInvoker.invokeTestMethods(TestInvoker.java:194)
	at org.testng.internal.invokers.TestMethodWorker.invokeTestMethods(TestMethodWorker.java:148)
	at org.testng.internal.invokers.TestMethodWorker.run(TestMethodWorker.java:128)
	at java.base/java.util.ArrayList.forEach(ArrayList.java:1511)
	at org.testng.TestRunner.privateRun(TestRunner.java:829)
	at org.testng.TestRunner.run(TestRunner.java:602)
	at org.testng.SuiteRunner.runTest(SuiteRunner.java:437)
	at org.testng.SuiteRunner.runSequentially(SuiteRunner.java:431)
	at org.testng.SuiteRunner.privateRun(SuiteRunner.java:391)
	at org.testng.SuiteRunner.run(SuiteRunner.java:330)
	at org.testng.SuiteRunnerWorker.runSuite(SuiteRunnerWorker.java:52)
	at org.testng.SuiteRunnerWorker.run(SuiteRunnerWorker.java:95)
	at org.testng.TestNG.runSuitesSequentially(TestNG.java:1256)
	at org.testng.TestNG.runSuitesLocally(TestNG.java:1176)
	at org.testng.TestNG.runSuites(TestNG.java:1099)
	at org.testng.TestNG.run(TestNG.java:1067)
	at org.apache.maven.surefire.testng.TestNGExecutor.run(TestNGExecutor.java:284)
	at org.apache.maven.surefire.testng.TestNGXmlTestSuite.execute(TestNGXmlTestSuite.java:75)
	at org.apache.maven.surefire.testng.TestNGProvider.invoke(TestNGProvider.java:119)
	at org.apache.maven.surefire.booter.ForkedBooter.runSuitesInProcess(ForkedBooter.java:428)
	at org.apache.maven.surefire.booter.ForkedBooter.execute(ForkedBooter.java:162)
	at org.apache.maven.surefire.booter.ForkedBooter.run(ForkedBooter.java:562)
	at org.apache.maven.surefire.booter.ForkedBooter.main(ForkedBooter.java:548)

  Given Anasayfaya gidilir                                                                                                         # Steps.JiraSteps.anasayfaya_gidilir()
  And Kategori bÃ¶lÃ¼mÃ¼nden Giyim & Tekstil alanÄ±na tÄ±klanÄ±r                                                                         # Steps.JiraSteps.kategori_bolumunden_giyim_tekstil_alanina_tiklanir()
  And Giyim & Tekstil sayfasÄ±na gidildiÄŸi gÃ¶rÃ¼lÃ¼r                                                                                  # Steps.JiraSteps.giyim_tekstil_sayfasina_gidildigi_gorulur()
  And AÃ§Ä±lan sayfada Bebek Ã‡oraplarÄ± tÄ±klanÄ±r                                                                                      # Steps.JiraSteps.acilan_sayfada_bebek_coraplari_tiklanir()
  And Bebek Ã§oraplarÄ± sayfasÄ± gÃ¶rÃ¼lÃ¼r                                                                                              # Steps.JiraSteps.bebek_coraplari_sayfasi_gorulur()
  And Stoktaki Ã¼rÃ¼nler filtrelenir                                                                                                 # Steps.JiraSteps.stoktaki_urunler_filtrelenir()
  And Filtreleme sonucunda gelen Ã¼rÃ¼nlerden ilk Ã¼rÃ¼nÃ¼nÃ¼n Ã¼zerine tÄ±klanÄ±r                                                          # Steps.JiraSteps.filtreleme_sonucunda_gelen_urunlerden_ilk_urununun_uzerine_tiklanir()
  And ÃœrÃ¼n detay sayfasÄ±nda bulunan Ã¼rÃ¼nÃ¼n ilk bedeni ve adedi seÃ§ilir                                                             # Steps.JiraSteps.urun_detay_sayfasinda_bulunan_urunun_ilk_bedeni_ve_adedi_2_secilir()
  And Sepete ekle butonuna tÄ±klanÄ±r                                                                                                # Steps.JiraSteps.sepete_ekle_butonuna_tiklanir()
  And Sepeti gÃ¶r butonuna tÄ±klanÄ±r                                                                                                 # Steps.JiraSteps.sepeti_gor_butonuna_tiklanir()
  And Sepet sayfasÄ±nda olduÄŸu gÃ¶rÃ¼lÃ¼r                                                                                              # Steps.JiraSteps.sepet_sayfasinda_oldugu_gorulur()
  And ÃœrÃ¼n sayÄ±sÄ± bir arttÄ±rÄ±lÄ±r                                                                                                   # Steps.JiraSteps.urun_sayisi_arttirilir()
  And AlÄ±ÅŸveriÅŸi tamamla bir butonuna tÄ±klanÄ±r                                                                                     # Steps.JiraSteps.alisverisi_tamamla_butonuna_tiklanir1()
  And Ãœye giriÅŸi sekmesine gidildiÄŸi gÃ¶rÃ¼lÃ¼r                                                                                       # Steps.JiraSteps.uye_girisi_sekmesine_gidildigi_gorulur()
  And ÃœyeliÄŸim yok adÄ±mÄ±nda e-posta ve GSM alanÄ± doldurulur                                                                        # Steps.JiraSteps.uyeligim_yok_adiminda_e_posta_ve_gsm_alani_doldurulur()
  And Ãœye olmadan devam et butonuna tÄ±klanÄ±r                                                                                       # Steps.JiraSteps.uye_olmadan_devam_et_butonuna_tiklanir()
  And Adres sayfasÄ±na yÃ¶nlendiÄŸi gÃ¶rÃ¼lÃ¼r                                                                                           # Steps.JiraSteps.adres_sayfasina_yonlendigi_gorulur()
  And Teslimat adresi ekleme pop-up'Ä±nda Ad, soyad, Ã¼lke, ÅŸehir, ilÃ§e, GSM, posta kodu, adres baÅŸlÄ±ÄŸÄ± ve adres alanlarÄ± doldurulur # Steps.JiraSteps.teslimat_adresi_ekleme_pop_up_inda_ad_soyad_ulke_sehir_ilce_gsm_posta_kodu_adres_basligi_ve_adres_alanlari_doldurulur()
  And Adresi kaydet butonuna tÄ±klanÄ±r                                                                                              # Steps.JiraSteps.adresi_kaydet_butonuna_tiklanir()
  And Yeni adresin kaydedildiÄŸi gÃ¶rÃ¼lÃ¼r                                                                                            # Steps.JiraSteps.yeni_adresin_kaydedildigi_gorulur()
  And AlÄ±ÅŸveriÅŸi tamamla butonuna tÄ±klanÄ±r                                                                                         # Steps.JiraSteps.alisverisi_tamamla_butonuna_tiklanir2()
  And Ã–deme detay sayfasÄ±na gidildiÄŸi gÃ¶rÃ¼lÃ¼r                                                                                      # Steps.JiraSteps.odeme_detay_sayfasina_gidildigi_gorulur()
  And Ã–deme detay sayfasÄ±nda kredi kartÄ± - banka kartÄ± butonuna tÄ±klanÄ±r                                                           # Steps.JiraSteps.odeme_detay_sayfasinda_kredi_karti_banka_karti_butonuna_tiklanir()
  When Kredi kartÄ± - Banka kartÄ± Ã¶deme sayfasÄ±, kart bilgileri ile doldurulur                                                      # Steps.JiraSteps.kredi_karti_banka_karti_odeme_sayfasi_kart_bilgileri_ile_doldurulur()
  Then Ã–n bilgilendirme ve mesafeli satÄ±ÅŸ sÃ¶zleÅŸmesini kabul ediyorum kutusu iÅŸaretlenir                                           # Steps.JiraSteps.on_bilgilendirme_ve_mesafeli_satis_sozlesmesini_kabul_ediyorum_kutusu_isaretlenir()
Error creating test execution: Invalid JWT: TokenExpiredError: jwt expired
]]></system-out>
    <system-err><![CDATA[SLF4J: Failed to load class "org.slf4j.impl.StaticLoggerBinder".
SLF4J: Defaulting to no-operation (NOP) logger implementation
SLF4J: See http://www.slf4j.org/codes.html#StaticLoggerBinder for further details.
]]></system-err>
  </testcase>
</testsuite>